<?xml version="1.0" encoding="UTF-8"?>
<testng-results ignored="0" total="3" passed="3" failed="0" skipped="0">
  <reporter-output>
  </reporter-output>
  <suite started-at="2024-06-21T16:36:00 IST" name="Default suite" finished-at="2024-06-21T16:37:41 IST" duration-ms="101312">
    <groups>
    </groups>
    <test started-at="2024-06-21T16:36:00 IST" name="Default test" finished-at="2024-06-21T16:37:41 IST" duration-ms="101312">
      <class name="tests.SearchTest">
        <test-method is-config="true" signature="setupReport()[pri:0, instance:tests.SearchTest@6cf0e0ba]" started-at="2024-06-21T16:35:59 IST" name="setupReport" finished-at="2024-06-21T16:36:00 IST" duration-ms="487" status="PASS">
          <reporter-output>
          </reporter-output>
        </test-method> <!-- setupReport -->
        <test-method is-config="true" signature="setup()[pri:0, instance:tests.SearchTest@6cf0e0ba]" started-at="2024-06-21T16:36:00 IST" name="setup" finished-at="2024-06-21T16:36:30 IST" duration-ms="30846" status="PASS">
          <reporter-output>
          </reporter-output>
        </test-method> <!-- setup -->
        <test-method signature="sampleTest()[pri:0, instance:tests.SearchTest@6cf0e0ba]" started-at="2024-06-21T16:36:31 IST" name="sampleTest" finished-at="2024-06-21T16:36:46 IST" duration-ms="15077" status="PASS">
          <reporter-output>
          </reporter-output>
        </test-method> <!-- sampleTest -->
        <test-method signature="test1()[pri:0, instance:tests.SearchTest@6cf0e0ba]" started-at="2024-06-21T16:36:46 IST" name="test1" finished-at="2024-06-21T16:37:18 IST" duration-ms="31982" status="PASS">
          <reporter-output>
          </reporter-output>
        </test-method> <!-- test1 -->
        <test-method signature="test2()[pri:0, instance:tests.SearchTest@6cf0e0ba]" started-at="2024-06-21T16:37:18 IST" name="test2" finished-at="2024-06-21T16:37:40 IST" duration-ms="21873" status="PASS">
          <reporter-output>
          </reporter-output>
        </test-method> <!-- test2 -->
        <test-method is-config="true" signature="tearDown()[pri:0, instance:tests.SearchTest@6cf0e0ba]" started-at="2024-06-21T16:37:40 IST" name="tearDown" finished-at="2024-06-21T16:37:41 IST" duration-ms="1433" status="PASS">
          <reporter-output>
          </reporter-output>
        </test-method> <!-- tearDown -->
        <test-method is-config="true" signature="teardown()[pri:0, instance:tests.SearchTest@6cf0e0ba]" started-at="2024-06-21T16:37:41 IST" name="teardown" finished-at="2024-06-21T16:37:42 IST" duration-ms="1050" status="PASS">
          <reporter-output>
          </reporter-output>
        </test-method> <!-- teardown -->
      </class> <!-- tests.SearchTest -->
    </test> <!-- Default test -->
  </suite> <!-- Default suite -->
</testng-results>
