<?xml version="1.0" encoding="UTF-8"?>
<!-- Generated by org.testng.reporters.JUnitXMLReporter -->
<testsuite ignored="0" hostname="DESKTOP-TIC5DM4" failures="0" tests="3" name="Default test" time="101.312" errors="0" timestamp="2024-06-21T16:37:41 IST">
  <testcase classname="tests.BaseClass" name="sampleTest" time="15.077"/>
  <testcase classname="tests.SearchTest" name="test1" time="31.982"/>
  <testcase classname="tests.SearchTest" name="test2" time="21.873"/>
</testsuite> <!-- Default test -->
